0 info it worked if it ends with ok
1 verbose cli [ 'C:\\Program Files (x86)\\Nodist\\v-x64\\10.15.1\\node.exe',
1 verbose cli   'C:\\Program Files (x86)\\Nodist\\npmv\\4.0.5\\bin\\npm-cli.js',
1 verbose cli   'start' ]
2 info using npm@4.0.5
3 info using node@v10.15.1
4 verbose run-script [ 'prestart', 'start', 'poststart' ]
5 info lifecycle express-app@0.0.0~prestart: express-app@0.0.0
6 warn lifecycle The node binary used for scripts is C:\Program Files (x86)\Nodist\bin\node.exe but npm is using C:\Program Files (x86)\Nodist\v-x64\10.15.1\node.exe itself. Use the `--scripts-prepend-node-path` option to include the path for the node binary npm was executed with.
7 silly lifecycle express-app@0.0.0~prestart: no script for prestart, continuing
8 info lifecycle express-app@0.0.0~start: express-app@0.0.0
9 verbose lifecycle express-app@0.0.0~start: unsafe-perm in lifecycle true
10 verbose lifecycle express-app@0.0.0~start: PATH: C:\Program Files (x86)\Nodist\npmv\4.0.5\bin\node-gyp-bin;C:\Users\katsuaki\Desktop\tangotest\express-app\node_modules\.bin;C:\Program Files (x86)\Google\Chrome\Application;C:\WINDOWS\system32;C:\WINDOWS;C:\WINDOWS\System32\Wbem;C:\WINDOWS\System32\WindowsPowerShell\v1.0\;C:\WINDOWS\System32\OpenSSH\;C:\Program Files (x86)\Brackets\command;C:\Program Files (x86)\Nodist\bin;C:\PROGRA~1\JPKI;C:\Program Files\Microsoft SQL Server\Client SDK\ODBC\130\Tools\Binn\;C:\Program Files (x86)\Microsoft SQL Server\140\Tools\Binn\;C:\Program Files\Microsoft SQL Server\140\Tools\Binn\;C:\Program Files\Microsoft SQL Server\140\DTS\Binn\;C:\Program Files (x86)\Microsoft SQL Server\150\DTS\Binn\;C:\pleiades\java\11\bin;C:\Program Files\poppler-0.68.0;C:\Program Files\PostgreSQL\12\bin;C:\Program Files\Git\cmd;C:\Program Files\nodejs\;C:\Users\katsuaki\AppData\Local\Programs\Python\Python38-32\Scripts\;C:\Users\katsuaki\AppData\Local\Programs\Python\Python38-32\;C:\Users\katsuaki\AppData\Local\Microsoft\WindowsApps;C:\Users\katsuaki\AppData\Local\atom\bin;C:\Users\katsuaki\AppData\Local\Programs\Microsoft VS Code\bin;C:\Users\katsuaki\AppData\Local\Microsoft\WindowsApps;C:\Program Files\Tesseract-OCR;C:\Users\katsuaki\AppData\Roaming\npm
11 verbose lifecycle express-app@0.0.0~start: CWD: C:\Users\katsuaki\Desktop\tangotest\express-app
12 silly lifecycle express-app@0.0.0~start: Args: [ '/d /s /c', 'node ./bin/www' ]
13 silly lifecycle express-app@0.0.0~start: Returned: code: 1  signal: null
14 info lifecycle express-app@0.0.0~start: Failed to exec start script
15 verbose stack Error: express-app@0.0.0 start: `node ./bin/www`
15 verbose stack Exit status 1
15 verbose stack     at EventEmitter.<anonymous> (C:\Program Files (x86)\Nodist\npmv\4.0.5\lib\utils\lifecycle.js:279:16)
15 verbose stack     at EventEmitter.emit (events.js:189:13)
15 verbose stack     at ChildProcess.<anonymous> (C:\Program Files (x86)\Nodist\npmv\4.0.5\lib\utils\spawn.js:40:14)
15 verbose stack     at ChildProcess.emit (events.js:189:13)
15 verbose stack     at maybeClose (internal/child_process.js:970:16)
15 verbose stack     at Process.ChildProcess._handle.onexit (internal/child_process.js:259:5)
16 verbose pkgid express-app@0.0.0
17 verbose cwd C:\Users\katsuaki\Desktop\tangotest\express-app
18 error Windows_NT 10.0.18362
19 error argv "C:\\Program Files (x86)\\Nodist\\v-x64\\10.15.1\\node.exe" "C:\\Program Files (x86)\\Nodist\\npmv\\4.0.5\\bin\\npm-cli.js" "start"
20 error node v10.15.1
21 error npm  v4.0.5
22 error code ELIFECYCLE
23 error express-app@0.0.0 start: `node ./bin/www`
23 error Exit status 1
24 error Failed at the express-app@0.0.0 start script 'node ./bin/www'.
24 error Make sure you have the latest version of node.js and npm installed.
24 error If you do, this is most likely a problem with the express-app package,
24 error not with npm itself.
24 error Tell the author that this fails on your system:
24 error     node ./bin/www
24 error You can get information on how to open an issue for this project with:
24 error     npm bugs express-app
24 error Or if that isn't available, you can get their info via:
24 error     npm owner ls express-app
24 error There is likely additional logging output above.
25 verbose exit [ 1, true ]
